<?xml version="1.0" encoding="UTF-8"?>
<testng-results ignored="0" total="3" passed="3" failed="0" skipped="0">
  <reporter-output>
  </reporter-output>
  <suite started-at="2026-04-29T06:22:22 GST" name="Surefire suite" finished-at="2026-04-29T06:22:31 GST" duration-ms="8542">
    <groups>
    </groups>
    <test started-at="2026-04-29T06:22:22 GST" name="Surefire test" finished-at="2026-04-29T06:22:31 GST" duration-ms="8542">
      <class name="sdet.SeleniumTest">
        <test-method signature="f()[pri:0, instance:sdet.SeleniumTest@3bbc39f8]" started-at="2026-04-29T06:22:23 GST" name="f" finished-at="2026-04-29T06:22:31 GST" duration-ms="8415" status="PASS">
          <reporter-output>
          </reporter-output>
        </test-method> <!-- f -->
      </class> <!-- sdet.SeleniumTest -->
      <class name="sdet.AppTest">
        <test-method signature="testogin1()[pri:0, instance:sdet.AppTest@55040f2f]" started-at="2026-04-29T06:22:22 GST" name="testogin1" finished-at="2026-04-29T06:22:23 GST" duration-ms="39" status="PASS">
          <reporter-output>
          </reporter-output>
        </test-method> <!-- testogin1 -->
        <test-method signature="testogin2()[pri:0, instance:sdet.AppTest@55040f2f]" started-at="2026-04-29T06:22:23 GST" name="testogin2" finished-at="2026-04-29T06:22:23 GST" duration-ms="2" status="PASS">
          <reporter-output>
          </reporter-output>
        </test-method> <!-- testogin2 -->
      </class> <!-- sdet.AppTest -->
    </test> <!-- Surefire test -->
  </suite> <!-- Surefire suite -->
</testng-results>
