<?xml version="1.0" encoding="UTF-8"?>
<testng-results ignored="0" total="3" passed="3" failed="0" skipped="0">
  <reporter-output>
  </reporter-output>
  <suite started-at="2026-04-29T06:18:46 GST" name="Suite" finished-at="2026-04-29T06:18:54 GST" duration-ms="8050">
    <groups>
    </groups>
    <test started-at="2026-04-29T06:18:46 GST" name="Test" finished-at="2026-04-29T06:18:54 GST" duration-ms="8050">
      <class name="sdet.AppTest">
        <test-method signature="testogin1()[pri:0, instance:sdet.AppTest@158da8e]" started-at="2026-04-29T06:18:46 GST" name="testogin1" finished-at="2026-04-29T06:18:46 GST" duration-ms="34" status="PASS">
          <reporter-output>
          </reporter-output>
        </test-method> <!-- testogin1 -->
        <test-method signature="testogin2()[pri:0, instance:sdet.AppTest@158da8e]" started-at="2026-04-29T06:18:46 GST" name="testogin2" finished-at="2026-04-29T06:18:46 GST" duration-ms="3" status="PASS">
          <reporter-output>
          </reporter-output>
        </test-method> <!-- testogin2 -->
      </class> <!-- sdet.AppTest -->
      <class name="sdet.SeleniumTest">
        <test-method signature="f()[pri:0, instance:sdet.SeleniumTest@4567f35d]" started-at="2026-04-29T06:18:46 GST" name="f" finished-at="2026-04-29T06:18:54 GST" duration-ms="7929" status="PASS">
          <reporter-output>
          </reporter-output>
        </test-method> <!-- f -->
      </class> <!-- sdet.SeleniumTest -->
    </test> <!-- Test -->
  </suite> <!-- Suite -->
</testng-results>
